#
# There is insufficient memory for the Java Runtime Environment to continue.
# Native memory allocation (mmap) failed to map 266338304 bytes for Failed to commit area from 0x0000000703200000 to 0x0000000713000000 of length 266338304.
# Possible reasons:
#   The system is out of physical RAM or swap space
#   The process is running with CompressedOops enabled, and the Java Heap may be blocking the growth of the native heap
# Possible solutions:
#   Reduce memory load on the system
#   Increase physical memory or swap space
#   Check if swap backing store is full
#   Decrease Java heap size (-Xmx/-Xms)
#   Decrease number of Java threads
#   Decrease Java thread stack sizes (-Xss)
#   Set larger code cache with -XX:ReservedCodeCacheSize=
# This output file may be truncated or incomplete.
#
#  Out of Memory Error (./src/hotspot/os/windows/os_windows.cpp:3303), pid=13604, tid=14220
#
# JRE version:  (11.0.8+10) (build )
# Java VM: OpenJDK 64-Bit Server VM (11.0.8+10-b944.6842174, mixed mode, sharing, tiered, compressed oops, g1 gc, windows-amd64)
# No core dump will be written. Minidumps are not enabled by default on client versions of Windows
#

---------------  S U M M A R Y ------------

Command Line: org.jetbrains.kotlin.cli.jvm.K2JVMCompiler @D:\StudioProjectsMPT\app\build\20210725_3897261760412689018.compiler.options

Host: 11th Gen Intel(R) Core(TM) i5-1135G7 @ 2.40GHz, 8 cores, 15G,  Windows 10 , 64 bit Build 19041 (10.0.19041.1023)
Time: Sun Jul 25 23:12:23 2021 RTZ 2 (зима) elapsed time: 0 seconds (0d 0h 0m 0s)

---------------  T H R E A D  ---------------

Current thread (0x0000024fae96a800):  JavaThread "Unknown thread" [_thread_in_vm, id=14220, stack(0x000000aef1600000,0x000000aef1700000)]

Stack: [0x000000aef1600000,0x000000aef1700000]
Native frames: (J=compiled Java code, j=interpreted, Vv=VM code, C=native code)
V  [jvm.dll+0x5de50a]
V  [jvm.dll+0x7122f5]
V  [jvm.dll+0x71384d]
V  [jvm.dll+0x713f03]
V  [jvm.dll+0x23e728]
V  [jvm.dll+0x5db9a4]
V  [jvm.dll+0x5d0ae5]
V  [jvm.dll+0x2fb20b]
V  [jvm.dll+0x2fb17a]
V  [jvm.dll+0x2fb052]
V  [jvm.dll+0x2fff16]
V  [jvm.dll+0x348743]
V  [jvm.dll+0x348e46]
V  [jvm.dll+0x348843]
V  [jvm.dll+0x2d5d68]
V  [jvm.dll+0x2d6f07]
V  [jvm.dll+0x6f11f7]
V  [jvm.dll+0x6f29ec]
V  [jvm.dll+0x355cb9]
V  [jvm.dll+0x6d4ade]
V  [jvm.dll+0x3bdfe3]
V  [jvm.dll+0x3c0201]
C  [jli.dll+0x5373]
C  [ucrtbase.dll+0x21bb2]
C  [KERNEL32.DLL+0x17034]
C  [ntdll.dll+0x52651]


---------------  P R O C E S S  ---------------

Threads class SMR info:
_java_thread_list=0x0000024facfe20d0, length=0, elements={
}

Java Threads: ( => current thread )

Other Threads:
  0x0000024fae981000 GCTaskThread "GC Thread#0" [stack: 0x000000aef1700000,0x000000aef1800000] [id=16848]
  0x0000024fae9dd800 ConcurrentGCThread "G1 Main Marker" [stack: 0x000000aef1800000,0x000000aef1900000] [id=15492]
  0x0000024fae9df000 ConcurrentGCThread "G1 Conc#0" [stack: 0x000000aef1900000,0x000000aef1a00000] [id=13872]

[error occurred during error reporting (printing all threads), id 0xc0000005, EXCEPTION_ACCESS_VIOLATION (0xc0000005) at pc=0x00007ffd862e6357]

VM state:not at safepoint (not fully initialized)

VM Mutex/Monitor currently owned by a thread:  ([mutex/lock_event])
[0x0000024fae967430] Heap_lock - owner thread: 0x0000024fae96a800

Heap address: 0x0000000703200000, size: 4046 MB, Compressed Oops mode: Non-zero based: 0x0000000703200000
Narrow klass base: 0x0000000000000000, Narrow klass shift: 0

GC Heap History (0 events):
No events

Deoptimization events (0 events):
No events

Classes redefined (0 events):
No events

Internal exceptions (0 events):
No events

Events (1 events):
Event: 0.005 Loaded shared library D:\android\jre\bin\zip.dll


Dynamic libraries:
0x00007ff7e61a0000 - 0x00007ff7e61aa000 	D:\android\jre\bin\java.exe
0x00007ffe0ab70000 - 0x00007ffe0ad65000 	C:\Windows\SYSTEM32\ntdll.dll
0x00007ffe0a830000 - 0x00007ffe0a8ed000 	C:\Windows\System32\KERNEL32.DLL
0x00007ffe088c0000 - 0x00007ffe08b89000 	C:\Windows\System32\KERNELBASE.dll
0x00007ffe08410000 - 0x00007ffe08510000 	C:\Windows\System32\ucrtbase.dll
0x00007ffe03860000 - 0x00007ffe03879000 	D:\android\jre\bin\jli.dll
0x00007ffe011b0000 - 0x00007ffe011c7000 	D:\android\jre\bin\VCRUNTIME140.dll
0x00007ffe09c70000 - 0x00007ffe09e10000 	C:\Windows\System32\USER32.dll
0x00007ffe08890000 - 0x00007ffe088b2000 	C:\Windows\System32\win32u.dll
0x00007ffdf84c0000 - 0x00007ffdf875a000 	C:\Windows\WinSxS\amd64_microsoft.windows.common-controls_6595b64144ccf1df_6.0.19041.1083_none_60bbe31371f34e71\COMCTL32.dll
0x00007ffe09f90000 - 0x00007ffe09fba000 	C:\Windows\System32\GDI32.dll
0x00007ffe0aa90000 - 0x00007ffe0ab2e000 	C:\Windows\System32\msvcrt.dll
0x00007ffe08650000 - 0x00007ffe0875b000 	C:\Windows\System32\gdi32full.dll
0x00007ffe08760000 - 0x00007ffe087fd000 	C:\Windows\System32\msvcp_win.dll
0x00007ffe08be0000 - 0x00007ffe08c10000 	C:\Windows\System32\IMM32.DLL
0x00007ffe01110000 - 0x00007ffe011ad000 	D:\android\jre\bin\msvcp140.dll
0x00007ffd86000000 - 0x00007ffd86abc000 	D:\android\jre\bin\server\jvm.dll
0x00007ffe08c10000 - 0x00007ffe08cbc000 	C:\Windows\System32\ADVAPI32.dll
0x00007ffe091d0000 - 0x00007ffe0926b000 	C:\Windows\System32\sechost.dll
0x00007ffe096b0000 - 0x00007ffe097da000 	C:\Windows\System32\RPCRT4.dll
0x00007ffe09420000 - 0x00007ffe09428000 	C:\Windows\System32\PSAPI.DLL
0x00007ffdfc330000 - 0x00007ffdfc339000 	C:\Windows\SYSTEM32\WSOCK32.dll
0x00007ffdff800000 - 0x00007ffdff827000 	C:\Windows\SYSTEM32\WINMM.dll
0x00007ffdff770000 - 0x00007ffdff77a000 	C:\Windows\SYSTEM32\VERSION.dll
0x00007ffe0a8f0000 - 0x00007ffe0a95b000 	C:\Windows\System32\WS2_32.dll
0x00007ffe06ba0000 - 0x00007ffe06bb2000 	C:\Windows\SYSTEM32\kernel.appcore.dll
0x00007ffdff330000 - 0x00007ffdff341000 	D:\android\jre\bin\verify.dll
0x00007ffe06840000 - 0x00007ffe06a24000 	C:\Windows\SYSTEM32\DBGHELP.DLL
0x00007ffdf8860000 - 0x00007ffdf888c000 	C:\Windows\SYSTEM32\dbgcore.DLL
0x00007ffe08800000 - 0x00007ffe08883000 	C:\Windows\System32\bcryptPrimitives.dll
0x00007ffdf97b0000 - 0x00007ffdf97d9000 	D:\android\jre\bin\java.dll
0x00007ffdffb20000 - 0x00007ffdffb2b000 	D:\android\jre\bin\jimage.dll
0x00007ffdfc1f0000 - 0x00007ffdfc208000 	D:\android\jre\bin\zip.dll

dbghelp: loaded successfully - version: 4.0.5 - missing functions: none
symbol engine: initialized successfully - sym options: 0x614 - pdb path: .;D:\android\jre\bin;C:\Windows\SYSTEM32;C:\Windows\WinSxS\amd64_microsoft.windows.common-controls_6595b64144ccf1df_6.0.19041.1083_none_60bbe31371f34e71;D:\android\jre\bin\server

VM Arguments:
java_command: org.jetbrains.kotlin.cli.jvm.K2JVMCompiler @D:\StudioProjectsMPT\app\build\20210725_3897261760412689018.compiler.options
java_class_path (initial): C:\Users\staru\.gradle\caches\modules-2\files-2.1\org.jetbrains.kotlin\kotlin-compiler-embeddable\1.5.10\9c35134a025cab7a1e6eee0d87d241c2f30c1218\kotlin-compiler-embeddable-1.5.10.jar;C:\Users\staru\.gradle\caches\modules-2\files-2.1\org.jetbrains.kotlin\kotlin-reflect\1.5.10\d6c70f3c0df2457ea0095c61c1fc1188017dc3bc\kotlin-reflect-1.5.10.jar;C:\Users\staru\.gradle\caches\modules-2\files-2.1\org.jetbrains.kotlin\kotlin-stdlib\1.5.10\da6a904b132f0402fa4d79169a3c1770598d4702\kotlin-stdlib-1.5.10.jar;C:\Users\staru\.gradle\caches\modules-2\files-2.1\org.jetbrains.kotlin\kotlin-script-runtime\1.5.10\69bad0ece91b0797055aeadbd44dc742c458398b\kotlin-script-runtime-1.5.10.jar;C:\Users\staru\.gradle\caches\modules-2\files-2.1\org.jetbrains.kotlin\kotlin-daemon-embeddable\1.5.10\d06ad33b62b041dae0609f830c3b48135d53b8bc\kotlin-daemon-embeddable-1.5.10.jar;C:\Users\staru\.gradle\caches\modules-2\files-2.1\org.jetbrains.intellij.deps\trove4j\1.0.20181211\216c2e14b070f334479d800987affe4054cd563f\trove4j-1.0.20181211.jar;C:\Users\staru\.gradle\caches\modules-2\files-2.1\org.jetbrains\annotations\13.0\919f0dfe192fb4e063e7dacadee7f8bb9a2672a9\annotations-13.0.jar;C:\Users\staru\.gradle\caches\modules-2\files-2.1\org.jetbrains.kotlin\kotlin-stdlib-common\1.5.10\6b84d926e28493be69daf673e40076f89492ef7\kotlin-stdlib-common-1.5.10.jar
Launcher Type: SUN_STANDARD

[Global flags]
     intx CICompilerCount                          = 4                                         {product} {ergonomic}
     uint ConcGCThreads                            = 2                                         {product} {ergonomic}
     uint G1ConcRefinementThreads                  = 8                                         {product} {ergonomic}
   size_t G1HeapRegionSize                         = 1048576                                   {product} {ergonomic}
    uintx GCDrainStackTargetSize                   = 64                                        {product} {ergonomic}
   size_t InitialHeapSize                          = 266338304                                 {product} {ergonomic}
   size_t MarkStackSize                            = 4194304                                   {product} {ergonomic}
   size_t MaxHeapSize                              = 4242538496                                {product} {ergonomic}
   size_t MinHeapDeltaBytes                        = 1048576                                   {product} {ergonomic}
    uintx NonNMethodCodeHeapSize                   = 5836300                                {pd product} {ergonomic}
    uintx NonProfiledCodeHeapSize                  = 122910970                              {pd product} {ergonomic}
    uintx ProfiledCodeHeapSize                     = 122910970                              {pd product} {ergonomic}
    uintx ReservedCodeCacheSize                    = 251658240                              {pd product} {ergonomic}
     bool SegmentedCodeCache                       = true                                      {product} {ergonomic}
     bool UseCompressedClassPointers               = true                                 {lp64_product} {ergonomic}
     bool UseCompressedOops                        = true                                 {lp64_product} {ergonomic}
     bool UseG1GC                                  = true                                      {product} {ergonomic}
     bool UseLargePagesIndividualAllocation        = false                                  {pd product} {ergonomic}

Logging:
Log output configuration:
 #0: stdout all=warning uptime,level,tags
 #1: stderr all=off uptime,level,tags

Environment Variables:
PATH=C:\Program Files\Microsoft MPI\Bin\;C:\Windows\system32;C:\Windows;C:\Windows\System32\Wbem;C:\Windows\System32\WindowsPowerShell\v1.0\;C:\Windows\System32\OpenSSH\;C:\Program Files\Microsoft SQL Server\130\Tools\Binn\;C:\Program Files\Microsoft SQL Server\Client SDK\ODBC\170\Tools\Binn\;C:\Program Files\Git\cmd;C:\Program Files (x86)\Microsoft SQL Server\140\Tools\Binn\;C:\Program Files\Microsoft SQL Server\140\Tools\Binn\;C:\Program Files (x86)\Microsoft SQL Server\140\DTS\Binn\;C:\Program Files\Microsoft SQL Server\140\DTS\Binn\;C:\Program Files\Microsoft SQL Server\Client SDK\ODBC\130\Tools\Binn\;C:\Program Files (x86)\Microsoft SQL Server\Client SDK\ODBC\130\Tools\Binn\;C:\Program Files (x86)\Microsoft SQL Server\140\Tools\Binn\ManagementStudio\;C:\Program Files\dotnet\;C:\Users\staru\AppData\Local\Microsoft\WindowsApps;C:\Users\staru\.dotnet\tools
USERNAME=staru
OS=Windows_NT
PROCESSOR_IDENTIFIER=Intel64 Family 6 Model 140 Stepping 1, GenuineIntel



---------------  S Y S T E M  ---------------

OS: Windows 10 , 64 bit Build 19041 (10.0.19041.1023)
OS uptime: 10 days 8:24 hours

CPU:total 8 (initial active 8) (4 cores per cpu, 2 threads per core) family 6 model 140 stepping 1, cmov, cx8, fxsr, mmx, sse, sse2, sse3, ssse3, sse4.1, sse4.2, popcnt, avx, avx2, aes, clmul, erms, 3dnowpref, lzcnt, ht, tsc, tscinvbit, bmi1, bmi2, adx, evex, sha, fma

Memory: 4k page, system-wide physical 16183M (108M free)
TotalPageFile size 31463M (AvailPageFile size 144M)
current process WorkingSet (physical memory assigned to process): 10M, peak: 10M
current process commit charge ("private bytes"): 60M, peak: 314M

vm_info: OpenJDK 64-Bit Server VM (11.0.8+10-b944.6842174) for windows-amd64 JRE (11.0.8+10-b944.6842174), built on Sep 19 2020 01:11:42 by "builder" with MS VC++ 14.0 (VS2015)

END.
